<?xml version="1.0" encoding="UTF-8"?>
<testng-results skipped="0" failed="0" ignored="0" total="1" passed="1">
  <reporter-output>
  </reporter-output>
  <suite name="Default suite" duration-ms="15329" started-at="2019-11-13T04:04:54Z" finished-at="2019-11-13T04:05:09Z">
    <groups>
    </groups>
    <test name="Default test" duration-ms="15329" started-at="2019-11-13T04:04:54Z" finished-at="2019-11-13T04:05:09Z">
      <class name="Demo.Test">
        <test-method status="PASS" signature="Testing()[pri:0, instance:Demo.Test@7dc7cbad]" name="Testing" duration-ms="15303" started-at="2019-11-12T23:04:54Z" finished-at="2019-11-12T23:05:09Z">
          <reporter-output>
          </reporter-output>
        </test-method> <!-- Testing -->
      </class> <!-- Demo.Test -->
    </test> <!-- Default test -->
  </suite> <!-- Default suite -->
</testng-results>
